[2024-08-17 12:22:36] local.ERROR: ##### ProductController -> uploadProductImage() #####Method Illuminate\Http\JsonResponse::back does not exist.  
[2024-08-17 13:38:54] local.INFO: ProductController -> uploadProductImage() called  
[2024-08-17 13:38:54] local.INFO: ProductController -> uploadProductImage() - Product found  
[2024-08-17 13:38:54] local.INFO: ProductController -> uploadProductImage() - Transaction committed  
[2024-08-17 13:48:39] local.INFO: ProductController -> uploadProductImage() called  
[2024-08-17 13:48:39] local.INFO: ProductController -> uploadProductImage() - Product found  
[2024-08-17 13:48:39] local.INFO: ProductController -> uploadProductImage() - Transaction committed  
[2024-08-17 13:48:39] local.ERROR: Error in uploadProductImage: Method Illuminate\Http\JsonResponse::back does not exist.  
[2024-08-17 13:49:23] local.INFO: ProductController -> uploadProductImage() called  
[2024-08-17 13:49:23] local.INFO: ProductController -> uploadProductImage() - Product found  
[2024-08-17 13:49:23] local.INFO: ProductController -> uploadProductImage() - Transaction committed  
[2024-08-17 13:49:23] local.ERROR: Error in uploadProductImage: Method Illuminate\Http\JsonResponse::back does not exist.  
[2024-08-17 13:50:27] local.INFO: ProductController -> uploadProductImage() called  
[2024-08-17 13:50:27] local.INFO: ProductController -> uploadProductImage() - Product found  
[2024-08-17 13:50:27] local.INFO: ProductController -> uploadProductImage() - Transaction committed  
[2024-08-17 13:52:20] local.INFO: ProductController -> uploadProductImage() called  
[2024-08-17 13:52:20] local.INFO: ProductController -> uploadProductImage() - Product found  
[2024-08-17 13:52:20] local.INFO: ProductController -> uploadProductImage() - Transaction committed  
[2024-08-17 13:53:08] local.INFO: ProductController -> uploadProductImage() called  
[2024-08-17 13:53:08] local.INFO: ProductController -> uploadProductImage() - Product found  
[2024-08-17 13:53:08] local.INFO: ProductController -> uploadProductImage() - Transaction committed  
[2024-08-17 13:53:08] local.ERROR: Error in uploadProductImage: Method Illuminate\Http\JsonResponse::back does not exist.  
[2024-08-17 13:53:31] local.INFO: ProductController -> uploadProductImage() called  
[2024-08-17 13:53:31] local.INFO: ProductController -> uploadProductImage() - Product found  
[2024-08-17 13:53:31] local.INFO: ProductController -> uploadProductImage() - Transaction committed  
